TN:
SF:src/index.d.ts
FNF:0
FNH:0
LF:0
LH:0
BRF:0
BRH:0
end_of_record
TN:
SF:src/errors/circular-hierarchy.error.d.ts
FNF:0
FNH:0
LF:0
LH:0
BRF:0
BRH:0
end_of_record
TN:
SF:src/errors/circular-hierarchy.error.ts
FN:75,(anonymous_0)
FN:109,(anonymous_1)
FN:128,(anonymous_2)
FN:144,(anonymous_3)
FN:162,(anonymous_4)
FN:183,(anonymous_5)
FN:216,(anonymous_6)
FN:218,(anonymous_7)
FN:232,(anonymous_8)
FN:241,(anonymous_9)
FNF:10
FNH:3
FNDA:1,(anonymous_0)
FNDA:1,(anonymous_1)
FNDA:0,(anonymous_2)
FNDA:0,(anonymous_3)
FNDA:0,(anonymous_4)
FNDA:1,(anonymous_5)
FNDA:0,(anonymous_6)
FNDA:0,(anonymous_7)
FNDA:0,(anonymous_8)
FNDA:0,(anonymous_9)
DA:1,1
DA:45,1
DA:81,1
DA:83,1
DA:95,1
DA:96,1
DA:97,1
DA:98,1
DA:114,1
DA:115,0
DA:118,1
DA:119,1
DA:129,0
DA:145,0
DA:163,0
DA:188,1
DA:194,1
DA:200,1
DA:217,0
DA:218,0
DA:219,0
DA:220,0
DA:222,0
DA:224,0
DA:233,0
DA:249,0
LF:26
LH:14
BRDA:79,0,0,0
BRDA:114,1,0,0
BRDA:188,2,0,1
BRDA:188,2,1,0
BRDA:219,3,0,0
BRDA:219,4,0,0
BRDA:219,4,1,0
BRF:7
BRH:1
end_of_record
TN:
SF:src/errors/index.d.ts
FNF:0
FNH:0
LF:0
LH:0
BRF:0
BRH:0
end_of_record
TN:
SF:src/errors/permission-denied.error.d.ts
FNF:0
FNH:0
LF:0
LH:0
BRF:0
BRH:0
end_of_record
TN:
SF:src/errors/permission-denied.error.ts
FN:92,(anonymous_0)
FN:119,(anonymous_1)
FN:136,(anonymous_2)
FN:164,(anonymous_3)
FN:187,(anonymous_4)
FN:216,(anonymous_5)
FN:236,(anonymous_6)
FN:253,(anonymous_7)
FNF:8
FNH:0
FNDA:0,(anonymous_0)
FNDA:0,(anonymous_1)
FNDA:0,(anonymous_2)
FNDA:0,(anonymous_3)
FNDA:0,(anonymous_4)
FNDA:0,(anonymous_5)
FNDA:0,(anonymous_6)
FNDA:0,(anonymous_7)
DA:1,0
DA:58,0
DA:97,0
DA:98,0
DA:100,0
DA:107,0
DA:108,0
DA:109,0
DA:110,0
DA:120,0
DA:121,0
DA:141,0
DA:143,0
DA:144,0
DA:147,0
DA:148,0
DA:151,0
DA:152,0
DA:155,0
DA:165,0
DA:193,0
DA:221,0
DA:242,0
DA:260,0
LF:24
LH:0
BRDA:95,0,0,0
BRDA:108,1,0,0
BRDA:108,1,1,0
BRDA:109,2,0,0
BRDA:109,2,1,0
BRDA:143,3,0,0
BRDA:147,4,0,0
BRDA:151,5,0,0
BRDA:195,6,0,0
BRDA:195,6,1,0
BRF:10
BRH:0
end_of_record
TN:
SF:src/errors/rbac.error.d.ts
FNF:0
FNH:0
LF:0
LH:0
BRF:0
BRH:0
end_of_record
TN:
SF:src/errors/rbac.error.ts
FN:5,(anonymous_0)
FN:123,(anonymous_1)
FN:151,(anonymous_2)
FN:163,(anonymous_3)
FN:188,(anonymous_4)
FN:206,(anonymous_5)
FN:227,(anonymous_6)
FNF:7
FNH:2
FNDA:1,(anonymous_0)
FNDA:6,(anonymous_1)
FNDA:0,(anonymous_2)
FNDA:0,(anonymous_3)
FNDA:0,(anonymous_4)
FNDA:0,(anonymous_5)
FNDA:0,(anonymous_6)
DA:5,1
DA:7,1
DA:8,1
DA:9,1
DA:10,1
DA:13,1
DA:14,1
DA:15,1
DA:16,1
DA:17,1
DA:20,1
DA:21,1
DA:22,1
DA:23,1
DA:26,1
DA:27,1
DA:28,1
DA:29,1
DA:32,1
DA:33,1
DA:34,1
DA:35,1
DA:38,1
DA:39,1
DA:40,1
DA:43,1
DA:44,1
DA:45,1
DA:93,1
DA:129,6
DA:132,6
DA:133,6
DA:136,6
DA:137,6
DA:138,6
DA:139,6
DA:140,6
DA:143,6
DA:152,0
DA:155,0
DA:164,0
DA:189,0
DA:207,0
DA:232,0
DA:233,0
DA:236,0
DA:237,0
DA:239,0
LF:48
LH:38
BRDA:5,0,0,1
BRDA:5,0,1,1
BRDA:125,1,0,0
BRDA:126,2,0,0
BRDA:127,3,0,6
BRDA:132,4,0,6
BRDA:152,5,0,0
BRDA:152,5,1,0
BRDA:207,6,0,0
BRDA:207,6,1,0
BRDA:229,7,0,0
BRDA:230,8,0,0
BRDA:232,9,0,0
BRDA:236,10,0,0
BRDA:236,10,1,0
BRDA:237,11,0,0
BRDA:237,11,1,0
BRF:17
BRH:4
end_of_record
TN:
SF:src/errors/role-not-found.error.d.ts
FNF:0
FNH:0
LF:0
LH:0
BRF:0
BRH:0
end_of_record
TN:
SF:src/errors/role-not-found.error.ts
FN:80,(anonymous_0)
FN:106,(anonymous_1)
FN:132,(anonymous_2)
FN:148,(anonymous_3)
FN:167,(anonymous_4)
FN:186,(anonymous_5)
FN:206,(anonymous_6)
FN:225,(anonymous_7)
FN:239,(anonymous_8)
FNF:9
FNH:3
FNDA:5,(anonymous_0)
FNDA:5,(anonymous_1)
FNDA:0,(anonymous_2)
FNDA:0,(anonymous_3)
FNDA:5,(anonymous_4)
FNDA:0,(anonymous_5)
FNDA:0,(anonymous_6)
FNDA:0,(anonymous_7)
FNDA:0,(anonymous_8)
DA:1,1
DA:52,1
DA:81,5
DA:83,5
DA:89,5
DA:90,0
DA:91,0
DA:93,5
DA:94,5
DA:96,5
DA:110,5
DA:111,5
DA:113,5
DA:114,0
DA:119,5
DA:120,0
DA:123,5
DA:133,0
DA:149,0
DA:168,5
DA:187,0
DA:207,0
DA:226,0
DA:227,0
DA:246,0
LF:25
LH:14
BRDA:80,0,0,0
BRDA:84,1,0,0
BRDA:84,1,1,5
BRDA:85,2,0,0
BRDA:85,2,1,5
BRDA:89,3,0,0
BRDA:89,3,1,5
BRDA:110,4,0,5
BRDA:110,4,1,0
BRDA:111,5,0,0
BRDA:111,5,1,5
BRDA:113,6,0,0
BRDA:114,7,0,0
BRDA:114,7,1,0
BRDA:119,8,0,0
BRF:15
BRH:5
end_of_record
TN:
SF:src/interfaces/adapter.interface.d.ts
FNF:0
FNH:0
LF:0
LH:0
BRF:0
BRH:0
end_of_record
TN:
SF:src/interfaces/audit.interface.d.ts
FNF:0
FNH:0
LF:0
LH:0
BRF:0
BRH:0
end_of_record
TN:
SF:src/interfaces/audit.interface.ts
FN:4,(anonymous_0)
FN:36,(anonymous_1)
FN:533,(anonymous_2)
FN:537,(anonymous_3)
FN:552,(anonymous_4)
FN:567,(anonymous_5)
FN:582,(anonymous_6)
FN:597,(anonymous_7)
FN:614,(anonymous_8)
FN:629,(anonymous_9)
FN:633,(anonymous_10)
FN:637,(anonymous_11)
FN:641,(anonymous_12)
FN:658,(anonymous_13)
FN:662,(anonymous_14)
FNF:15
FNH:0
FNDA:0,(anonymous_0)
FNDA:0,(anonymous_1)
FNDA:0,(anonymous_2)
FNDA:0,(anonymous_3)
FNDA:0,(anonymous_4)
FNDA:0,(anonymous_5)
FNDA:0,(anonymous_6)
FNDA:0,(anonymous_7)
FNDA:0,(anonymous_8)
FNDA:0,(anonymous_9)
FNDA:0,(anonymous_10)
FNDA:0,(anonymous_11)
FNDA:0,(anonymous_12)
FNDA:0,(anonymous_13)
FNDA:0,(anonymous_14)
DA:4,0
DA:6,0
DA:7,0
DA:8,0
DA:11,0
DA:12,0
DA:13,0
DA:14,0
DA:15,0
DA:18,0
DA:19,0
DA:20,0
DA:23,0
DA:24,0
DA:25,0
DA:28,0
DA:29,0
DA:30,0
DA:36,0
DA:38,0
DA:41,0
DA:44,0
DA:47,0
DA:525,0
DA:526,0
DA:534,0
DA:543,0
DA:557,0
DA:572,0
DA:587,0
DA:603,0
DA:619,0
DA:630,0
DA:634,0
DA:638,0
DA:642,0
DA:659,0
DA:663,0
LF:38
LH:0
BRDA:4,0,0,0
BRDA:4,0,1,0
BRDA:36,1,0,0
BRDA:36,1,1,0
BRDA:544,2,0,0
BRDA:544,2,1,0
BRDA:666,3,0,0
BRDA:666,3,1,0
BRDA:666,4,0,0
BRDA:666,4,1,0
BRDA:668,5,0,0
BRDA:668,5,1,0
BRDA:669,6,0,0
BRDA:669,6,1,0
BRF:14
BRH:0
end_of_record
TN:
SF:src/interfaces/cache.interface.d.ts
FNF:0
FNH:0
LF:0
LH:0
BRF:0
BRH:0
end_of_record
TN:
SF:src/interfaces/cache.interface.ts
FN:386,(anonymous_0)
FN:391,(anonymous_1)
FN:395,(anonymous_2)
FN:399,(anonymous_3)
FN:404,(anonymous_4)
FN:409,(anonymous_5)
FN:413,(anonymous_6)
FN:417,(anonymous_7)
FN:421,(anonymous_8)
FN:425,(anonymous_9)
FN:438,(anonymous_10)
FN:443,(anonymous_11)
FN:466,(anonymous_12)
FN:472,(anonymous_13)
FN:476,(anonymous_14)
FN:490,(anonymous_15)
FN:504,(anonymous_16)
FN:508,(anonymous_17)
FN:513,(anonymous_18)
FN:522,(anonymous_19)
FN:532,(anonymous_20)
FN:538,(anonymous_21)
FN:544,(anonymous_22)
FN:554,(anonymous_23)
FN:558,(anonymous_24)
FN:573,(anonymous_25)
FN:577,(anonymous_26)
FN:581,(anonymous_27)
FNF:28
FNH:0
FNDA:0,(anonymous_0)
FNDA:0,(anonymous_1)
FNDA:0,(anonymous_2)
FNDA:0,(anonymous_3)
FNDA:0,(anonymous_4)
FNDA:0,(anonymous_5)
FNDA:0,(anonymous_6)
FNDA:0,(anonymous_7)
FNDA:0,(anonymous_8)
FNDA:0,(anonymous_9)
FNDA:0,(anonymous_10)
FNDA:0,(anonymous_11)
FNDA:0,(anonymous_12)
FNDA:0,(anonymous_13)
FNDA:0,(anonymous_14)
FNDA:0,(anonymous_15)
FNDA:0,(anonymous_16)
FNDA:0,(anonymous_17)
FNDA:0,(anonymous_18)
FNDA:0,(anonymous_19)
FNDA:0,(anonymous_20)
FNDA:0,(anonymous_21)
FNDA:0,(anonymous_22)
FNDA:0,(anonymous_23)
FNDA:0,(anonymous_24)
FNDA:0,(anonymous_25)
FNDA:0,(anonymous_26)
FNDA:0,(anonymous_27)
DA:382,0
DA:387,0
DA:388,0
DA:392,0
DA:396,0
DA:400,0
DA:401,0
DA:405,0
DA:406,0
DA:410,0
DA:414,0
DA:418,0
DA:422,0
DA:426,0
DA:434,0
DA:439,0
DA:440,0
DA:444,0
DA:446,0
DA:447,0
DA:448,0
DA:451,0
DA:452,0
DA:453,0
DA:454,0
DA:457,0
DA:458,0
DA:459,0
DA:462,0
DA:463,0
DA:467,0
DA:468,0
DA:469,0
DA:473,0
DA:477,0
DA:478,0
DA:479,0
DA:482,0
DA:483,0
DA:484,0
DA:487,0
DA:491,0
DA:492,0
DA:494,0
DA:495,0
DA:496,0
DA:497,0
DA:501,0
DA:505,0
DA:509,0
DA:510,0
DA:512,0
DA:513,0
DA:514,0
DA:515,0
DA:519,0
DA:523,0
DA:525,0
DA:526,0
DA:529,0
DA:533,0
DA:534,0
DA:539,0
DA:540,0
DA:541,0
DA:545,0
DA:546,0
DA:555,0
DA:563,0
DA:564,0
DA:565,0
DA:568,0
DA:569,0
DA:570,0
DA:574,0
DA:578,0
DA:582,0
DA:586,0
LF:78
LH:0
BRDA:387,0,0,0
BRDA:387,0,1,0
BRDA:388,1,0,0
BRDA:388,1,1,0
BRDA:401,2,0,0
BRDA:401,2,1,0
BRDA:406,3,0,0
BRDA:406,3,1,0
BRDA:446,4,0,0
BRDA:451,5,0,0
BRDA:451,6,0,0
BRDA:451,6,1,0
BRDA:457,7,0,0
BRDA:457,8,0,0
BRDA:457,8,1,0
BRDA:467,9,0,0
BRDA:467,9,1,0
BRDA:468,10,0,0
BRDA:468,10,1,0
BRDA:478,11,0,0
BRDA:482,12,0,0
BRDA:482,13,0,0
BRDA:482,13,1,0
BRDA:495,14,0,0
BRDA:513,15,0,0
BRDA:549,16,0,0
BRDA:549,16,1,0
BRDA:564,17,0,0
BRF:28
BRH:0
end_of_record
TN:
SF:src/interfaces/index.d.ts
FNF:0
FNH:0
LF:0
LH:0
BRF:0
BRH:0
end_of_record
TN:
SF:src/interfaces/permission.interface.d.ts
FNF:0
FNH:0
LF:0
LH:0
BRF:0
BRH:0
end_of_record
TN:
SF:src/interfaces/role.interface.d.ts
FNF:0
FNH:0
LF:0
LH:0
BRF:0
BRH:0
end_of_record
TN:
SF:src/interfaces/user.interface.d.ts
FNF:0
FNH:0
LF:0
LH:0
BRF:0
BRH:0
end_of_record
TN:
SF:src/services/audit-logger.service.d.ts
FNF:0
FNH:0
LF:0
LH:0
BRF:0
BRH:0
end_of_record
TN:
SF:src/services/audit-logger.service.ts
FN:60,(anonymous_0)
FN:74,(anonymous_1)
FN:87,(anonymous_2)
FN:137,(anonymous_3)
FN:174,(anonymous_4)
FN:211,(anonymous_5)
FN:238,(anonymous_6)
FN:267,(anonymous_7)
FN:294,(anonymous_8)
FN:299,(anonymous_9)
FN:304,(anonymous_10)
FN:308,(anonymous_11)
FN:312,(anonymous_12)
FN:316,(anonymous_13)
FN:320,(anonymous_14)
FN:324,(anonymous_15)
FN:328,(anonymous_16)
FN:339,(anonymous_17)
FN:343,(anonymous_18)
FN:347,(anonymous_19)
FN:352,(anonymous_20)
FN:381,(anonymous_21)
FN:391,(anonymous_22)
FN:402,(anonymous_23)
FN:408,(anonymous_24)
FN:412,(anonymous_25)
FN:416,(anonymous_26)
FN:440,(anonymous_27)
FN:458,(anonymous_28)
FN:460,(anonymous_29)
FN:467,(anonymous_30)
FN:499,(anonymous_31)
FN:518,(anonymous_32)
FN:518,(anonymous_33)
FN:527,(anonymous_34)
FN:555,(anonymous_35)
FN:586,(anonymous_36)
FN:591,(anonymous_37)
FN:604,(anonymous_38)
FN:627,(anonymous_39)
FN:644,(anonymous_40)
FN:661,(anonymous_41)
FN:669,(anonymous_42)
FN:678,(anonymous_43)
FN:686,(anonymous_44)
FN:690,(anonymous_45)
FN:694,(anonymous_46)
FN:702,(anonymous_47)
FN:706,(anonymous_48)
FN:717,createAuditLogger
FNF:50
FNH:0
FNDA:0,(anonymous_0)
FNDA:0,(anonymous_1)
FNDA:0,(anonymous_2)
FNDA:0,(anonymous_3)
FNDA:0,(anonymous_4)
FNDA:0,(anonymous_5)
FNDA:0,(anonymous_6)
FNDA:0,(anonymous_7)
FNDA:0,(anonymous_8)
FNDA:0,(anonymous_9)
FNDA:0,(anonymous_10)
FNDA:0,(anonymous_11)
FNDA:0,(anonymous_12)
FNDA:0,(anonymous_13)
FNDA:0,(anonymous_14)
FNDA:0,(anonymous_15)
FNDA:0,(anonymous_16)
FNDA:0,(anonymous_17)
FNDA:0,(anonymous_18)
FNDA:0,(anonymous_19)
FNDA:0,(anonymous_20)
FNDA:0,(anonymous_21)
FNDA:0,(anonymous_22)
FNDA:0,(anonymous_23)
FNDA:0,(anonymous_24)
FNDA:0,(anonymous_25)
FNDA:0,(anonymous_26)
FNDA:0,(anonymous_27)
FNDA:0,(anonymous_28)
FNDA:0,(anonymous_29)
FNDA:0,(anonymous_30)
FNDA:0,(anonymous_31)
FNDA:0,(anonymous_32)
FNDA:0,(anonymous_33)
FNDA:0,(anonymous_34)
FNDA:0,(anonymous_35)
FNDA:0,(anonymous_36)
FNDA:0,(anonymous_37)
FNDA:0,(anonymous_38)
FNDA:0,(anonymous_39)
FNDA:0,(anonymous_40)
FNDA:0,(anonymous_41)
FNDA:0,(anonymous_42)
FNDA:0,(anonymous_43)
FNDA:0,(anonymous_44)
FNDA:0,(anonymous_45)
FNDA:0,(anonymous_46)
FNDA:0,(anonymous_47)
FNDA:0,(anonymous_48)
FNDA:0,createAuditLogger
DA:1,0
DA:13,0
DA:50,0
DA:53,0
DA:64,0
DA:68,0
DA:75,0
DA:76,0
DA:79,0
DA:80,0
DA:81,0
DA:101,0
DA:102,0
DA:110,0
DA:111,0
DA:119,0
DA:147,0
DA:148,0
DA:155,0
DA:184,0
DA:185,0
DA:192,0
DA:216,0
DA:217,0
DA:224,0
DA:244,0
DA:245,0
DA:252,0
DA:272,0
DA:273,0
DA:280,0
DA:295,0
DA:298,0
DA:299,0
DA:302,0
DA:303,0
DA:304,0
DA:307,0
DA:308,0
DA:311,0
DA:312,0
DA:315,0
DA:316,0
DA:319,0
DA:320,0
DA:323,0
DA:324,0
DA:327,0
DA:328,0
DA:331,0
DA:332,0
DA:338,0
DA:339,0
DA:342,0
DA:343,0
DA:346,0
DA:347,0
DA:351,0
DA:352,0
DA:353,0
DA:354,0
DA:358,0
DA:359,0
DA:360,0
DA:361,0
DA:364,0
DA:365,0
DA:366,0
DA:370,0
DA:385,0
DA:396,0
DA:405,0
DA:407,0
DA:408,0
DA:411,0
DA:412,0
DA:415,0
DA:416,0
DA:419,0
DA:420,0
DA:426,0
DA:427,0
DA:429,0
DA:430,0
DA:431,0
DA:433,0
DA:434,0
DA:436,0
DA:440,0
DA:441,0
DA:442,0
DA:444,0
DA:459,0
DA:460,0
DA:461,0
DA:471,0
DA:473,0
DA:474,0
DA:478,0
DA:479,0
DA:482,0
DA:499,0
DA:516,0
DA:518,0
DA:521,0
DA:528,0
DA:529,0
DA:556,0
DA:559,0
DA:560,0
DA:561,0
DA:585,0
DA:587,0
DA:588,0
DA:592,0
DA:617,0
DA:637,0
DA:654,0
DA:666,0
DA:675,0
DA:683,0
DA:687,0
DA:691,0
DA:699,0
DA:703,0
DA:707,0
DA:717,0
DA:723,0
DA:724,0
DA:727,0
DA:729,0
DA:732,0
LF:132
LH:0
BRDA:60,0,0,0
BRDA:66,1,0,0
BRDA:66,1,1,0
BRDA:75,2,0,0
BRDA:101,3,0,0
BRDA:101,4,0,0
BRDA:101,4,1,0
BRDA:110,5,0,0
BRDA:110,6,0,0
BRDA:110,6,1,0
BRDA:120,7,0,0
BRDA:120,7,1,0
BRDA:121,8,0,0
BRDA:121,8,1,0
BRDA:126,9,0,0
BRDA:126,9,1,0
BRDA:127,10,0,0
BRDA:127,10,1,0
BRDA:130,11,0,0
BRDA:130,11,1,0
BRDA:147,12,0,0
BRDA:184,13,0,0
BRDA:216,14,0,0
BRDA:244,15,0,0
BRDA:272,16,0,0
BRDA:298,17,0,0
BRDA:302,18,0,0
BRDA:302,19,0,0
BRDA:302,19,1,0
BRDA:307,20,0,0
BRDA:311,21,0,0
BRDA:315,22,0,0
BRDA:319,23,0,0
BRDA:323,24,0,0
BRDA:327,25,0,0
BRDA:331,26,0,0
BRDA:342,27,0,0
BRDA:346,28,0,0
BRDA:351,29,0,0
BRDA:351,29,1,0
BRDA:354,30,0,0
BRDA:354,30,1,0
BRDA:358,31,0,0
BRDA:358,31,1,0
BRDA:359,32,0,0
BRDA:359,32,1,0
BRDA:364,33,0,0
BRDA:407,34,0,0
BRDA:411,35,0,0
BRDA:415,36,0,0
BRDA:430,37,0,0
BRDA:430,37,1,0
BRDA:433,38,0,0
BRDA:433,38,1,0
BRDA:441,39,0,0
BRDA:441,39,1,0
BRDA:442,40,0,0
BRDA:442,40,1,0
BRDA:473,41,0,0
BRDA:478,42,0,0
BRDA:504,43,0,0
BRDA:504,43,1,0
BRDA:506,44,0,0
BRDA:506,44,1,0
BRDA:507,45,0,0
BRDA:507,45,1,0
BRDA:508,46,0,0
BRDA:508,46,1,0
BRDA:509,47,0,0
BRDA:509,47,1,0
BRDA:511,48,0,0
BRDA:511,48,1,0
BRDA:512,49,0,0
BRDA:512,49,1,0
BRDA:513,50,0,0
BRDA:513,50,1,0
BRDA:532,51,0,0
BRDA:532,51,1,0
BRDA:532,52,0,0
BRDA:532,52,1,0
BRDA:534,53,0,0
BRDA:534,53,1,0
BRDA:535,54,0,0
BRDA:535,54,1,0
BRDA:559,55,0,0
BRDA:594,56,0,0
BRDA:594,56,1,0
BRDA:595,57,0,0
BRDA:595,57,1,0
BRDA:596,58,0,0
BRDA:596,58,1,0
BRDA:597,59,0,0
BRDA:597,59,1,0
BRDA:598,60,0,0
BRDA:598,60,1,0
BRDA:599,61,0,0
BRDA:599,61,1,0
BRDA:619,62,0,0
BRDA:619,62,1,0
BRDA:620,63,0,0
BRDA:620,63,1,0
BRDA:621,64,0,0
BRDA:621,64,1,0
BRDA:622,65,0,0
BRDA:622,65,1,0
BRDA:639,66,0,0
BRDA:639,66,1,0
BRDA:656,67,0,0
BRDA:656,67,1,0
BRDA:723,68,0,0
BRDA:727,69,0,0
BRDA:727,69,1,0
BRDA:727,69,2,0
BRF:113
BRH:0
end_of_record
TN:
SF:src/services/index.d.ts
FNF:0
FNH:0
LF:0
LH:0
BRF:0
BRH:0
end_of_record
TN:
SF:src/services/permission-checker.service.d.ts
FNF:0
FNH:0
LF:0
LH:0
BRF:0
BRH:0
end_of_record
TN:
SF:src/services/permission-checker.service.ts
FN:80,(anonymous_0)
FN:131,(anonymous_1)
FN:169,(anonymous_2)
FN:200,(anonymous_3)
FN:239,(anonymous_4)
FN:302,(anonymous_5)
FN:323,(anonymous_6)
FN:327,(anonymous_7)
FN:329,(anonymous_8)
FN:352,(anonymous_9)
FN:372,(anonymous_10)
FN:387,(anonymous_11)
FN:419,(anonymous_12)
FN:421,(anonymous_13)
FNF:14
FNH:0
FNDA:0,(anonymous_0)
FNDA:0,(anonymous_1)
FNDA:0,(anonymous_2)
FNDA:0,(anonymous_3)
FNDA:0,(anonymous_4)
FNDA:0,(anonymous_5)
FNDA:0,(anonymous_6)
FNDA:0,(anonymous_7)
FNDA:0,(anonymous_8)
FNDA:0,(anonymous_9)
FNDA:0,(anonymous_10)
FNDA:0,(anonymous_11)
FNDA:0,(anonymous_12)
FNDA:0,(anonymous_13)
DA:4,0
DA:6,0
DA:8,0
DA:9,0
DA:63,0
DA:86,0
DA:87,0
DA:88,0
DA:90,0
DA:91,0
DA:93,0
DA:94,0
DA:99,0
DA:136,0
DA:142,0
DA:143,0
DA:149,0
DA:174,0
DA:175,0
DA:176,0
DA:177,0
DA:180,0
DA:205,0
DA:206,0
DA:207,0
DA:208,0
DA:209,0
DA:211,0
DA:214,0
DA:242,0
DA:243,0
DA:246,0
DA:253,0
DA:261,0
DA:262,0
DA:264,0
DA:266,0
DA:271,0
DA:283,0
DA:307,0
DA:310,0
DA:311,0
DA:312,0
DA:313,0
DA:318,0
DA:321,0
DA:322,0
DA:323,0
DA:327,0
DA:328,0
DA:329,0
DA:332,0
DA:333,0
DA:335,0
DA:336,0
DA:339,0
DA:341,0
DA:342,0
DA:346,0
DA:347,0
DA:350,0
DA:352,0
DA:356,0
DA:357,0
DA:363,0
DA:373,0
DA:374,0
DA:377,0
DA:378,0
DA:381,0
DA:393,0
DA:396,0
DA:403,0
DA:411,0
DA:413,0
DA:420,0
DA:421,0
DA:422,0
DA:425,0
LF:79
LH:0
BRDA:84,0,0,0
BRDA:94,1,0,0
BRDA:94,1,1,0
BRDA:102,2,0,0
BRDA:102,2,1,0
BRDA:142,3,0,0
BRDA:142,4,0,0
BRDA:142,4,1,0
BRDA:176,5,0,0
BRDA:207,6,0,0
BRDA:208,7,0,0
BRDA:264,8,0,0
BRDA:264,9,0,0
BRDA:264,9,1,0
BRDA:310,10,0,0
BRDA:310,11,0,0
BRDA:310,11,1,0
BRDA:310,11,2,0
BRDA:312,12,0,0
BRDA:323,13,0,0
BRDA:323,13,1,0
BRDA:323,13,2,0
BRDA:356,14,0,0
BRDA:356,15,0,0
BRDA:356,15,1,0
BRDA:373,16,0,0
BRDA:421,17,0,0
BRF:27
BRH:0
end_of_record
TN:
SF:src/services/rbac-engine.service.d.ts
FNF:0
FNH:0
LF:0
LH:0
BRF:0
BRH:0
end_of_record
TN:
SF:src/services/rbac-engine.service.ts
FN:77,(anonymous_0)
FN:125,(anonymous_1)
FN:157,(anonymous_2)
FN:172,(anonymous_3)
FN:219,(anonymous_4)
FN:261,(anonymous_5)
FN:284,(anonymous_6)
FN:300,(anonymous_7)
FN:316,(anonymous_8)
FN:336,(anonymous_9)
FN:368,(anonymous_10)
FN:406,(anonymous_11)
FN:461,(anonymous_12)
FN:498,(anonymous_13)
FN:509,(anonymous_14)
FN:520,(anonymous_15)
FN:553,(anonymous_16)
FN:607,(anonymous_17)
FN:647,(anonymous_18)
FN:678,(anonymous_19)
FN:693,(anonymous_20)
FN:711,(anonymous_21)
FN:720,(anonymous_22)
FN:727,(anonymous_23)
FN:758,(anonymous_24)
FN:771,(anonymous_25)
FN:784,(anonymous_26)
FN:793,(anonymous_27)
FN:800,(anonymous_28)
FN:807,(anonymous_29)
FN:814,(anonymous_30)
FN:821,(anonymous_31)
FN:829,(anonymous_32)
FNF:33
FNH:0
FNDA:0,(anonymous_0)
FNDA:0,(anonymous_1)
FNDA:0,(anonymous_2)
FNDA:0,(anonymous_3)
FNDA:0,(anonymous_4)
FNDA:0,(anonymous_5)
FNDA:0,(anonymous_6)
FNDA:0,(anonymous_7)
FNDA:0,(anonymous_8)
FNDA:0,(anonymous_9)
FNDA:0,(anonymous_10)
FNDA:0,(anonymous_11)
FNDA:0,(anonymous_12)
FNDA:0,(anonymous_13)
FNDA:0,(anonymous_14)
FNDA:0,(anonymous_15)
FNDA:0,(anonymous_16)
FNDA:0,(anonymous_17)
FNDA:0,(anonymous_18)
FNDA:0,(anonymous_19)
FNDA:0,(anonymous_20)
FNDA:0,(anonymous_21)
FNDA:0,(anonymous_22)
FNDA:0,(anonymous_23)
FNDA:0,(anonymous_24)
FNDA:0,(anonymous_25)
FNDA:0,(anonymous_26)
FNDA:0,(anonymous_27)
FNDA:0,(anonymous_28)
FNDA:0,(anonymous_29)
FNDA:0,(anonymous_30)
FNDA:0,(anonymous_31)
FNDA:0,(anonymous_32)
DA:4,0
DA:5,0
DA:12,0
DA:13,0
DA:14,0
DA:15,0
DA:16,0
DA:17,0
DA:18,0
DA:19,0
DA:63,0
DA:71,0
DA:72,0
DA:83,0
DA:84,0
DA:85,0
DA:86,0
DA:88,0
DA:93,0
DA:99,0
DA:126,0
DA:129,0
DA:132,0
DA:138,0
DA:146,0
DA:147,0
DA:150,0
DA:158,0
DA:159,0
DA:162,0
DA:163,0
DA:166,0
DA:173,0
DA:174,0
DA:177,0
DA:178,0
DA:181,0
DA:224,0
DA:226,0
DA:229,0
DA:236,0
DA:238,0
DA:266,0
DA:268,0
DA:269,0
DA:289,0
DA:305,0
DA:321,0
DA:340,0
DA:344,0
DA:370,0
DA:371,0
DA:372,0
DA:373,0
DA:374,0
DA:379,0
DA:382,0
DA:389,0
DA:390,0
DA:391,0
DA:395,0
DA:411,0
DA:412,0
DA:413,0
DA:417,0
DA:418,0
DA:419,0
DA:420,0
DA:423,0
DA:424,0
DA:425,0
DA:426,0
DA:431,0
DA:438,0
DA:441,0
DA:449,0
DA:451,0
DA:462,0
DA:463,0
DA:464,0
DA:467,0
DA:468,0
DA:475,0
DA:477,0
DA:479,0
DA:485,0
DA:486,0
DA:489,0
DA:499,0
DA:510,0
DA:525,0
DA:526,0
DA:527,0
DA:530,0
DA:533,0
DA:543,0
DA:558,0
DA:559,0
DA:560,0
DA:563,0
DA:566,0
DA:576,0
DA:608,0
DA:609,0
DA:610,0
DA:613,0
DA:616,0
DA:627,0
DA:633,0
DA:635,0
DA:653,0
DA:655,0
DA:657,0
DA:662,0
DA:665,0
DA:668,0
DA:682,0
DA:698,0
DA:712,0
DA:721,0
DA:728,0
DA:731,0
DA:759,0
DA:772,0
DA:776,0
DA:777,0
DA:780,0
DA:781,0
DA:784,0
DA:786,0
DA:794,0
DA:801,0
DA:808,0
DA:815,0
DA:822,0
DA:830,0
LF:136
LH:0
BRDA:129,0,0,0
BRDA:129,0,1,0
BRDA:132,1,0,0
BRDA:132,1,1,0
BRDA:133,2,0,0
BRDA:133,2,1,0
BRDA:146,3,0,0
BRDA:158,4,0,0
BRDA:162,5,0,0
BRDA:173,6,0,0
BRDA:177,7,0,0
BRDA:268,8,0,0
BRDA:370,9,0,0
BRDA:370,10,0,0
BRDA:370,10,1,0
BRDA:373,11,0,0
BRDA:382,12,0,0
BRDA:382,12,1,0
BRDA:389,13,0,0
BRDA:412,14,0,0
BRDA:417,15,0,0
BRDA:419,16,0,0
BRDA:424,17,0,0
BRDA:441,18,0,0
BRDA:441,18,1,0
BRDA:463,19,0,0
BRDA:467,20,0,0
BRDA:477,21,0,0
BRDA:479,22,0,0
BRDA:479,22,1,0
BRDA:526,23,0,0
BRDA:535,24,0,0
BRDA:535,24,1,0
BRDA:559,25,0,0
BRDA:568,26,0,0
BRDA:568,26,1,0
BRDA:609,27,0,0
BRDA:619,28,0,0
BRDA:619,28,1,0
BRDA:622,29,0,0
BRDA:622,29,1,0
BRDA:655,30,0,0
BRDA:657,31,0,0
BRDA:657,31,1,0
BRDA:776,32,0,0
BRDA:780,33,0,0
BRF:46
BRH:0
end_of_record
TN:
SF:src/types/index.d.ts
FNF:0
FNH:0
LF:0
LH:0
BRF:0
BRH:0
end_of_record
TN:
SF:src/types/options.types.d.ts
FNF:0
FNH:0
LF:0
LH:0
BRF:0
BRH:0
end_of_record
TN:
SF:src/types/options.types.ts
FN:308,mergeOptions
FNF:1
FNH:0
FNDA:0,mergeOptions
DA:213,3
DA:226,3
DA:241,3
DA:251,3
DA:263,3
DA:273,3
DA:285,3
DA:308,3
DA:309,0
LF:9
LH:8
BRDA:320,0,0,0
BRDA:320,0,1,0
BRDA:321,1,0,0
BRDA:321,1,1,0
BRDA:322,2,0,0
BRDA:322,2,1,0
BRF:6
BRH:0
end_of_record
TN:
SF:src/utils/index.d.ts
FNF:0
FNH:0
LF:0
LH:0
BRF:0
BRH:0
end_of_record
TN:
SF:src/utils/permission-matcher.d.ts
FNF:0
FNH:0
LF:0
LH:0
BRF:0
BRH:0
end_of_record
TN:
SF:src/utils/permission-matcher.ts
FN:82,(anonymous_0)
FN:110,(anonymous_1)
FN:144,(anonymous_2)
FN:176,(anonymous_3)
FN:214,(anonymous_4)
FN:229,(anonymous_5)
FN:269,(anonymous_6)
FN:309,(anonymous_7)
FN:332,(anonymous_8)
FN:333,(anonymous_9)
FN:348,(anonymous_10)
FN:393,(anonymous_11)
FN:418,(anonymous_12)
FN:441,(anonymous_13)
FN:482,(anonymous_14)
FN:548,(anonymous_15)
FNF:16
FNH:16
FNDA:61,(anonymous_0)
FNDA:26,(anonymous_1)
FNDA:3,(anonymous_2)
FNDA:5,(anonymous_3)
FNDA:3,(anonymous_4)
FNDA:4,(anonymous_5)
FNDA:15,(anonymous_6)
FNDA:3,(anonymous_7)
FNDA:4,(anonymous_8)
FNDA:23,(anonymous_9)
FNDA:58,(anonymous_10)
FNDA:47,(anonymous_11)
FNDA:34,(anonymous_12)
FNDA:131,(anonymous_13)
FNDA:42,(anonymous_14)
FNDA:206,(anonymous_15)
DA:2,1
DA:3,1
DA:73,1
DA:83,61
DA:84,61
DA:115,26
DA:118,26
DA:119,27
DA:120,18
DA:124,8
DA:149,3
DA:150,7
DA:151,1
DA:154,2
DA:177,5
DA:179,5
DA:180,10
DA:181,10
DA:184,10
DA:185,0
DA:189,10
DA:190,1
DA:194,9
DA:195,2
DA:200,7
DA:201,1
DA:205,1
DA:215,3
DA:216,3
DA:230,4
DA:231,2
DA:232,2
DA:240,2
DA:274,15
DA:275,15
DA:281,15
DA:282,42
DA:283,42
DA:286,42
DA:293,42
DA:294,13
DA:298,15
DA:314,3
DA:316,3
DA:333,4
DA:334,23
DA:335,23
DA:354,58
DA:355,44
DA:359,14
DA:360,8
DA:364,6
DA:365,1
DA:369,5
DA:370,4
DA:371,2
DA:374,2
DA:378,1
DA:379,1
DA:383,0
DA:397,47
DA:398,42
DA:401,5
DA:403,5
DA:404,6
DA:407,6
DA:408,2
DA:412,3
DA:423,34
DA:425,34
DA:426,89
DA:427,89
DA:430,89
DA:431,24
DA:435,10
DA:448,131
DA:449,0
DA:453,131
DA:456,52
DA:460,79
DA:463,21
DA:467,58
DA:468,11
DA:472,47
DA:473,2
DA:476,45
DA:488,42
DA:491,42
DA:492,21
DA:500,21
DA:503,21
DA:504,12
DA:508,21
DA:509,15
DA:513,21
DA:514,1
DA:518,21
DA:519,1
DA:524,21
DA:525,0
DA:526,21
DA:527,4
DA:528,17
DA:529,5
DA:530,12
DA:531,2
DA:533,10
DA:536,21
DA:549,206
DA:550,206
DA:551,36
DA:553,206
DA:560,1
LF:113
LH:109
BRDA:82,0,0,60
BRDA:115,1,0,3
BRDA:115,1,1,23
BRDA:119,2,0,18
BRDA:150,3,0,1
BRDA:184,4,0,0
BRDA:189,5,0,1
BRDA:194,6,0,2
BRDA:200,7,0,1
BRDA:200,8,0,7
BRDA:200,8,1,1
BRDA:230,9,0,2
BRDA:233,10,0,1
BRDA:233,10,1,1
BRDA:241,11,0,2
BRDA:241,11,1,2
BRDA:241,12,0,2
BRDA:241,12,1,1
BRDA:241,13,0,2
BRDA:241,13,1,1
BRDA:242,14,0,2
BRDA:242,14,1,1
BRDA:243,15,0,2
BRDA:243,15,1,1
BRDA:293,16,0,13
BRDA:293,17,0,42
BRDA:293,17,1,21
BRDA:335,18,0,23
BRDA:335,18,1,12
BRDA:354,19,0,44
BRDA:359,20,0,8
BRDA:364,21,0,1
BRDA:369,22,0,4
BRDA:369,23,0,5
BRDA:369,23,1,5
BRDA:370,24,0,2
BRDA:370,25,0,4
BRDA:370,25,1,2
BRDA:378,26,0,1
BRDA:378,27,0,1
BRDA:378,27,1,1
BRDA:397,28,0,42
BRDA:397,29,0,47
BRDA:397,29,1,5
BRDA:401,30,0,5
BRDA:401,30,1,1
BRDA:407,31,0,2
BRDA:430,32,0,24
BRDA:448,33,0,0
BRDA:453,34,0,52
BRDA:453,35,0,131
BRDA:453,35,1,109
BRDA:453,35,2,109
BRDA:460,36,0,21
BRDA:460,37,0,79
BRDA:460,37,1,58
BRDA:460,37,2,57
BRDA:467,38,0,11
BRDA:472,39,0,2
BRDA:491,40,0,21
BRDA:503,41,0,12
BRDA:508,42,0,15
BRDA:513,43,0,1
BRDA:513,44,0,21
BRDA:513,44,1,1
BRDA:518,45,0,1
BRDA:518,46,0,21
BRDA:518,46,1,1
BRDA:524,47,0,0
BRDA:524,47,1,21
BRDA:526,48,0,4
BRDA:526,48,1,17
BRDA:526,49,0,21
BRDA:526,49,1,9
BRDA:528,50,0,5
BRDA:528,50,1,12
BRDA:530,51,0,2
BRDA:530,51,1,10
BRDA:550,52,0,36
BRF:79
BRH:76
end_of_record
TN:
SF:src/utils/role-hierarchy.d.ts
FNF:0
FNH:0
LF:0
LH:0
BRF:0
BRH:0
end_of_record
TN:
SF:src/utils/role-hierarchy.ts
FN:68,(anonymous_0)
FN:91,(anonymous_1)
FN:127,(anonymous_2)
FN:165,(anonymous_3)
FN:175,(anonymous_4)
FN:200,(anonymous_5)
FN:226,(anonymous_6)
FN:251,(anonymous_7)
FN:266,(anonymous_8)
FN:273,(anonymous_9)
FN:308,(anonymous_10)
FN:330,(anonymous_11)
FN:359,(anonymous_12)
FN:409,(anonymous_13)
FN:437,(anonymous_14)
FN:475,(anonymous_15)
FN:489,(anonymous_16)
FN:493,(anonymous_17)
FN:503,(anonymous_18)
FN:523,(anonymous_19)
FNF:20
FNH:20
FNDA:50,(anonymous_0)
FNDA:7,(anonymous_1)
FNDA:18,(anonymous_2)
FNDA:12,(anonymous_3)
FNDA:3,(anonymous_4)
FNDA:6,(anonymous_5)
FNDA:7,(anonymous_6)
FNDA:3,(anonymous_7)
FNDA:10,(anonymous_8)
FNDA:7,(anonymous_9)
FNDA:5,(anonymous_10)
FNDA:4,(anonymous_11)
FNDA:42,(anonymous_12)
FNDA:5,(anonymous_13)
FNDA:6,(anonymous_14)
FNDA:4,(anonymous_15)
FNDA:4,(anonymous_16)
FNDA:2,(anonymous_17)
FNDA:6,(anonymous_18)
FNDA:5,(anonymous_19)
DA:5,1
DA:6,1
DA:7,1
DA:56,1
DA:73,50
DA:74,50
DA:75,50
DA:93,7
DA:94,6
DA:95,6
DA:96,6
DA:97,1
DA:101,6
DA:104,5
DA:105,4
DA:106,4
DA:109,5
DA:128,18
DA:131,18
DA:132,17
DA:133,17
DA:134,17
DA:135,1
DA:139,17
DA:140,17
DA:141,1
DA:144,16
DA:145,16
DA:146,16
DA:148,16
DA:151,15
DA:152,14
DA:153,14
DA:156,15
DA:166,12
DA:176,3
DA:177,3
DA:178,1
DA:181,2
DA:182,2
DA:202,6
DA:203,1
DA:207,5
DA:208,5
DA:209,1
DA:213,4
DA:217,4
DA:227,7
DA:228,7
DA:229,1
DA:232,6
DA:233,3
DA:236,3
DA:237,3
DA:238,3
DA:239,3
DA:242,3
DA:252,3
DA:253,3
DA:254,1
DA:257,2
DA:267,10
DA:268,10
DA:269,2
DA:272,8
DA:273,8
DA:276,8
DA:279,8
DA:280,12
DA:284,8
DA:285,7
DA:287,17
DA:288,12
DA:293,8
DA:309,5
DA:310,1
DA:314,4
DA:315,4
DA:318,4
DA:319,4
DA:320,2
DA:331,4
DA:332,4
DA:333,4
DA:335,4
DA:336,6
DA:337,6
DA:338,0
DA:340,6
DA:342,6
DA:343,6
DA:344,0
DA:347,6
DA:348,2
DA:349,2
DA:353,4
DA:366,42
DA:367,3
DA:368,1
DA:374,2
DA:377,39
DA:378,13
DA:381,26
DA:382,26
DA:383,0
DA:384,0
DA:390,0
DA:393,26
DA:394,26
DA:395,0
DA:398,26
DA:399,26
DA:402,26
DA:410,5
DA:411,1
DA:414,4
DA:415,1
DA:418,3
DA:420,3
DA:421,3
DA:422,3
DA:423,0
DA:426,3
DA:427,2
DA:431,1
DA:442,6
DA:443,6
DA:445,6
DA:447,4
DA:448,0
DA:451,4
DA:452,4
DA:454,4
DA:457,6
DA:468,1
DA:476,4
DA:477,4
DA:478,2
DA:480,4
DA:490,4
DA:491,2
DA:493,2
DA:504,6
DA:505,2
DA:507,4
DA:508,3
DA:509,3
DA:510,3
DA:513,1
DA:524,5
DA:525,2
DA:528,3
DA:529,2
DA:530,2
DA:531,2
DA:535,1
LF:156
LH:148
BRDA:71,0,0,46
BRDA:93,1,0,6
BRDA:93,2,0,7
BRDA:93,2,1,7
BRDA:96,3,0,1
BRDA:104,4,0,4
BRDA:104,5,0,5
BRDA:104,5,1,5
BRDA:128,6,0,18
BRDA:128,6,1,18
BRDA:131,7,0,17
BRDA:131,8,0,18
BRDA:131,8,1,18
BRDA:134,9,0,1
BRDA:140,10,0,1
BRDA:151,11,0,14
BRDA:151,12,0,15
BRDA:151,12,1,15
BRDA:177,13,0,1
BRDA:202,14,0,1
BRDA:208,15,0,1
BRDA:228,16,0,1
BRDA:232,17,0,3
BRDA:232,18,0,6
BRDA:232,18,1,6
BRDA:253,19,0,1
BRDA:268,20,0,2
BRDA:287,21,0,12
BRDA:309,22,0,1
BRDA:337,23,0,0
BRDA:343,24,0,0
BRDA:343,25,0,6
BRDA:343,25,1,6
BRDA:366,26,0,3
BRDA:367,27,0,1
BRDA:377,28,0,13
BRDA:377,29,0,39
BRDA:377,29,1,39
BRDA:382,30,0,0
BRDA:383,31,0,0
BRDA:394,32,0,0
BRDA:410,33,0,1
BRDA:414,34,0,1
BRDA:414,35,0,4
BRDA:414,35,1,4
BRDA:422,36,0,0
BRDA:426,37,0,2
BRDA:447,38,0,0
BRDA:490,39,0,2
BRDA:504,40,0,2
BRDA:509,41,0,3
BRDA:524,42,0,2
BRDA:530,43,0,2
BRF:53
BRH:46
end_of_record
TN:
SF:src/utils/wildcard-parser.d.ts
FNF:0
FNH:0
LF:0
LH:0
BRF:0
BRH:0
end_of_record
TN:
SF:src/utils/wildcard-parser.ts
FN:94,(anonymous_0)
FN:117,(anonymous_1)
FN:174,(anonymous_2)
FN:213,(anonymous_3)
FN:250,(anonymous_4)
FN:276,(anonymous_5)
FN:295,(anonymous_6)
FN:310,(anonymous_7)
FN:320,(anonymous_8)
FN:341,(anonymous_9)
FN:342,(anonymous_10)
FN:363,(anonymous_11)
FN:393,(anonymous_12)
FN:394,(anonymous_13)
FN:407,(anonymous_14)
FN:421,(anonymous_15)
FNF:16
FNH:16
FNDA:137,(anonymous_0)
FNDA:422,(anonymous_1)
FNDA:84,(anonymous_2)
FNDA:4,(anonymous_3)
FNDA:5,(anonymous_4)
FNDA:3,(anonymous_5)
FNDA:1,(anonymous_6)
FNDA:1,(anonymous_7)
FNDA:5,(anonymous_8)
FNDA:4,(anonymous_9)
FNDA:14,(anonymous_10)
FNDA:31,(anonymous_11)
FNDA:3,(anonymous_12)
FNDA:12,(anonymous_13)
FNDA:11,(anonymous_14)
FNDA:18,(anonymous_15)
DA:1,2
DA:83,2
DA:95,137
DA:96,137
DA:97,137
DA:98,137
DA:99,137
DA:118,422
DA:121,422
DA:122,20
DA:135,402
DA:136,402
DA:137,402
DA:138,402
DA:140,402
DA:141,402
DA:142,402
DA:144,402
DA:175,84
DA:176,84
DA:179,84
DA:180,13
DA:184,71
DA:186,28
DA:190,43
DA:192,9
DA:196,34
DA:197,3
DA:199,2
DA:203,32
DA:214,4
DA:215,4
DA:217,4
DA:230,4
DA:251,5
DA:252,5
DA:255,5
DA:256,1
DA:259,4
DA:277,3
DA:278,3
DA:279,1
DA:281,3
DA:296,1
DA:311,1
DA:321,5
DA:342,14
DA:364,31
DA:366,31
DA:367,5
DA:370,26
DA:372,26
DA:373,21
DA:376,26
DA:377,14
DA:380,26
DA:381,3
DA:384,26
DA:394,3
DA:395,12
DA:396,12
DA:397,12
DA:408,11
DA:409,1
DA:412,10
DA:414,10
DA:415,1
DA:421,18
DA:422,1
DA:429,8
DA:430,8
DA:431,16
DA:432,1
DA:439,7
DA:447,2
LF:75
LH:75
BRDA:94,0,0,70
BRDA:118,1,0,5
BRDA:118,1,1,417
BRDA:121,2,0,20
BRDA:136,3,0,402
BRDA:136,3,1,0
BRDA:137,4,0,402
BRDA:137,4,1,2
BRDA:152,5,0,402
BRDA:152,5,1,345
BRDA:152,5,2,265
BRDA:179,6,0,13
BRDA:184,7,0,28
BRDA:184,8,0,71
BRDA:184,8,1,54
BRDA:190,9,0,9
BRDA:190,10,0,43
BRDA:190,10,1,30
BRDA:196,11,0,3
BRDA:196,12,0,34
BRDA:196,12,1,5
BRDA:197,13,0,2
BRDA:197,14,0,3
BRDA:197,14,1,2
BRDA:218,15,0,4
BRDA:218,15,1,4
BRDA:218,15,2,4
BRDA:221,16,0,4
BRDA:221,16,1,4
BRDA:221,16,2,3
BRDA:224,17,0,4
BRDA:224,17,1,4
BRDA:224,17,2,4
BRDA:224,17,3,1
BRDA:231,18,0,4
BRDA:231,18,1,3
BRDA:231,18,2,2
BRDA:251,19,0,1
BRDA:251,19,1,4
BRDA:255,20,0,1
BRDA:278,21,0,1
BRDA:321,22,0,5
BRDA:321,22,1,2
BRDA:321,22,2,2
BRDA:366,23,0,5
BRDA:372,24,0,21
BRDA:376,25,0,14
BRDA:380,26,0,3
BRDA:380,27,0,26
BRDA:380,27,1,4
BRDA:408,28,0,1
BRDA:408,29,0,11
BRDA:408,29,1,10
BRDA:414,30,0,1
BRDA:421,31,0,1
BRDA:431,32,0,1
BRF:56
BRH:55
end_of_record
